<?xml version="1.0" encoding="UTF-8"?>
<!-- Generated by org.testng.reporters.JUnitXMLReporter -->
<testsuite ignored="0" hostname="LAPTOP-35PM34DT" failures="1" tests="1" name="Regression" time="0.135" errors="0" timestamp="26 Jul 2020 08:05:12 GMT">
  <testcase classname="Academy.validateNavigationBar" name="flightSearch" time="0.0">
    <failure type="org.testng.TestNGException" message="
Cannot inject @Test annotated Method [flightSearch] with [class java.lang.String, class java.lang.String].
For more information on native dependency injection please refer to http://testng.org/doc/documentation-main.html#native-dependency-injection">
      <![CDATA[org.testng.TestNGException: 
Cannot inject @Test annotated Method [flightSearch] with [class java.lang.String, class java.lang.String].
For more information on native dependency injection please refer to http://testng.org/doc/documentation-main.html#native-dependency-injection
... Removed 24 stack frames]]>
    </failure>
  </testcase> <!-- flightSearch -->
</testsuite> <!-- Regression -->
