<?xml version="1.0" encoding="UTF-8"?>
<testng-results ignored="0" total="1" passed="1" failed="0" skipped="0">
  <reporter-output>
    <line>
      <![CDATA[Selected FROM city]]>
    </line>
    <line>
      <![CDATA[Selected To city]]>
    </line>
    <line>
      <![CDATA[Clicked on Search]]>
    </line>
    <line>
      <![CDATA[Total number of flights displayed in UI for given search criteria is : 3]]>
    </line>
    <line>
      <![CDATA[FARE displayed in UI for Flight number 1 is : 3,135]]>
    </line>
    <line>
      <![CDATA[FARE displayed in UI for Flight number 2 is : 3,135]]>
    </line>
    <line>
      <![CDATA[FARE displayed in UI for Flight number 3 is : 5,765]]>
    </line>
    <line>
      <![CDATA[Total number of flights displayed in UI for given search criteria is : 3]]>
    </line>
    <line>
      <![CDATA[CHEAPEST FLIGHT FARE IS :3,135]]>
    </line>
    <line>
      <![CDATA[SELECTED CHEAPEST FLIGHT IN UI]]>
    </line>
    <line>
      <![CDATA[SWITCHED TO CHILD WINDOW]]>
    </line>
    <line>
      <![CDATA[Flight Tickets, Flight Booking Online, Book Cheap Flights, Air Tickets @ Paytm]]>
    </line>
    <line>
      <![CDATA[SWITCHED BACK TO PARENT WINDOW]]>
    </line>
    <line>
      <![CDATA[Total number of flights displayed in UI for given search criteria is : 3]]>
    </line>
    <line>
      <![CDATA[FASTEST FLIGHT FARE IS :3,135]]>
    </line>
    <line>
      <![CDATA[SELECTED FASTEST FLIGHT]]>
    </line>
    <line>
      <![CDATA[SWITCHED TO CHILD WINDOW]]>
    </line>
    <line>
      <![CDATA[Flight Tickets, Flight Booking Online, Book Cheap Flights, Air Tickets @ Paytm]]>
    </line>
    <line>
      <![CDATA[SWITCHED BACK TO PARENT WINDOW]]>
    </line>
  </reporter-output>
  <suite started-at="2020-07-26T18:16:27Z" name="Suite" finished-at="2020-07-26T18:18:12Z" duration-ms="104439">
    <groups>
      <group name="cucumber">
        <method signature="AbstractTestNGCucumberTests.feature(cucumber.api.testng.CucumberFeatureWrapper)[pri:0, instance:cucumberOptions.TestRunner@1623b78d]" name="feature" class="cucumber.api.testng.AbstractTestNGCucumberTests"/>
      </group> <!-- cucumber -->
    </groups>
    <test started-at="2020-07-26T18:16:27Z" name="Flight booking operations Scenario" finished-at="2020-07-26T18:18:12Z" duration-ms="104439">
      <class name="cucumberOptions.TestRunner">
        <test-method is-config="true" signature="setUpClass()[pri:0, instance:cucumberOptions.TestRunner@1623b78d]" started-at="2020-07-26T18:16:27Z" name="setUpClass" finished-at="2020-07-26T18:16:30Z" duration-ms="2761" status="PASS">
          <reporter-output>
          </reporter-output>
        </test-method> <!-- setUpClass -->
        <test-method signature="feature(cucumber.api.testng.CucumberFeatureWrapper)[pri:0, instance:cucumberOptions.TestRunner@1623b78d]" started-at="2020-07-26T18:16:32Z" name="feature" description="Runs Cucumber Feature" data-provider="features" finished-at="2020-07-26T18:18:11Z" duration-ms="99774" status="PASS">
          <params>
            <param index="0">
              <value>
                <![CDATA[Flight booking operations]]>
              </value>
            </param>
          </params>
          <reporter-output>
            <line>
              <![CDATA[Selected FROM city]]>
            </line>
            <line>
              <![CDATA[Selected To city]]>
            </line>
            <line>
              <![CDATA[Clicked on Search]]>
            </line>
            <line>
              <![CDATA[Total number of flights displayed in UI for given search criteria is : 3]]>
            </line>
            <line>
              <![CDATA[FARE displayed in UI for Flight number 1 is : 3,135]]>
            </line>
            <line>
              <![CDATA[FARE displayed in UI for Flight number 2 is : 3,135]]>
            </line>
            <line>
              <![CDATA[FARE displayed in UI for Flight number 3 is : 5,765]]>
            </line>
            <line>
              <![CDATA[Total number of flights displayed in UI for given search criteria is : 3]]>
            </line>
            <line>
              <![CDATA[CHEAPEST FLIGHT FARE IS :3,135]]>
            </line>
            <line>
              <![CDATA[SELECTED CHEAPEST FLIGHT IN UI]]>
            </line>
            <line>
              <![CDATA[SWITCHED TO CHILD WINDOW]]>
            </line>
            <line>
              <![CDATA[Flight Tickets, Flight Booking Online, Book Cheap Flights, Air Tickets @ Paytm]]>
            </line>
            <line>
              <![CDATA[SWITCHED BACK TO PARENT WINDOW]]>
            </line>
            <line>
              <![CDATA[Total number of flights displayed in UI for given search criteria is : 3]]>
            </line>
            <line>
              <![CDATA[FASTEST FLIGHT FARE IS :3,135]]>
            </line>
            <line>
              <![CDATA[SELECTED FASTEST FLIGHT]]>
            </line>
            <line>
              <![CDATA[SWITCHED TO CHILD WINDOW]]>
            </line>
            <line>
              <![CDATA[Flight Tickets, Flight Booking Online, Book Cheap Flights, Air Tickets @ Paytm]]>
            </line>
            <line>
              <![CDATA[SWITCHED BACK TO PARENT WINDOW]]>
            </line>
          </reporter-output>
        </test-method> <!-- feature -->
        <test-method is-config="true" signature="tearDownClass()[pri:0, instance:cucumberOptions.TestRunner@1623b78d]" started-at="2020-07-26T18:18:12Z" name="tearDownClass" finished-at="2020-07-26T18:18:12Z" duration-ms="5" status="PASS">
          <reporter-output>
          </reporter-output>
        </test-method> <!-- tearDownClass -->
      </class> <!-- cucumberOptions.TestRunner -->
    </test> <!-- Flight booking operations Scenario -->
  </suite> <!-- Suite -->
</testng-results>
